-------------------------------------------------------------------------------
Test set: br.com.restassuredapitesting.runners.AllTests
-------------------------------------------------------------------------------
Tests run: 23, Failures: 6, Errors: 0, Skipped: 0, Time elapsed: 32.881 s <<< FAILURE! - in br.com.restassuredapitesting.runners.AllTests
criarReservaComHeaderInvalido(br.com.restassuredapitesting.tests.booking.tests.PostBookingTest)  Time elapsed: 0.961 s  <<< FAILURE!
java.lang.AssertionError: 
1 expectation failed.
Expected status code <418> but was <500>.

	at br.com.restassuredapitesting.tests.booking.tests.PostBookingTest.criarReservaComHeaderInvalido(PostBookingTest.java:66)

validarAlteracaoDeUmaReservaInexistente(br.com.restassuredapitesting.tests.booking.tests.PutBookingTest)  Time elapsed: 1.594 s  <<< FAILURE!
java.lang.AssertionError: 
1 expectation failed.
Expected status code <200> but was <405>.

	at br.com.restassuredapitesting.tests.booking.tests.PutBookingTest.validarAlteracaoDeUmaReservaInexistente(PutBookingTest.java:91)

validarAlteracaoDeUmaReservaComTokenInvalido(br.com.restassuredapitesting.tests.booking.tests.PutBookingTest)  Time elapsed: 1.597 s  <<< FAILURE!
java.lang.AssertionError: 
1 expectation failed.
Expected status code <200> but was <403>.

	at br.com.restassuredapitesting.tests.booking.tests.PutBookingTest.validarAlteracaoDeUmaReservaComTokenInvalido(PutBookingTest.java:78)

validarAlteracaoDeUmaReservaSemToken(br.com.restassuredapitesting.tests.booking.tests.PutBookingTest)  Time elapsed: 1.633 s  <<< FAILURE!
java.lang.AssertionError: 
1 expectation failed.
Expected status code <200> but was <403>.

	at br.com.restassuredapitesting.tests.booking.tests.PutBookingTest.validarAlteracaoDeUmaReservaSemToken(PutBookingTest.java:59)

validarAlteracaoDeUmaReservaUtilizandoBasicAuth(br.com.restassuredapitesting.tests.booking.tests.PutBookingTest)  Time elapsed: 1.59 s  <<< FAILURE!
java.lang.AssertionError: 
1 expectation failed.
Expected status code <200> but was <403>.

	at br.com.restassuredapitesting.tests.booking.tests.PutBookingTest.validarAlteracaoDeUmaReservaUtilizandoBasicAuth(PutBookingTest.java:109)

validaReservasPeloCheckoutECheckout(br.com.restassuredapitesting.tests.booking.tests.GetBookingTest)  Time elapsed: 0.794 s  <<< FAILURE!
java.lang.AssertionError: 
1 expectation failed.
Expected status code <200> but was <500>.

	at br.com.restassuredapitesting.tests.booking.tests.GetBookingTest.validaReservasPeloCheckoutECheckout(GetBookingTest.java:145)

