<?xml version="1.0" encoding="UTF-8"?>
<testsuite xmlns:xsi="http://www.w3.org/2001/XMLSchema-instance" xsi:noNamespaceSchemaLocation="https://maven.apache.org/surefire/maven-surefire-plugin/xsd/surefire-test-report.xsd" name="br.com.restassuredapitesting.runners.AllTests" time="33.372" tests="23" errors="0" skipped="0" failures="6">
  <properties>
[...]
</properties>
  <testcase name="validaApiOnline" classname="br.com.restassuredapitesting.tests.ping.tests.GetPingTest" time="3.389"/>
  <testcase name="criarReservaComHeaderInvalido" classname="br.com.restassuredapitesting.tests.booking.tests.PostBookingTest" time="1.015">
    <failure message="1 expectation failed.&#10;Expected status code &lt;418&gt; but was &lt;500&gt;.&#10;" type="java.lang.AssertionError"><![CDATA[java.lang.AssertionError: 
1 expectation failed.
Expected status code <418> but was <500>.

	at br.com.restassuredapitesting.tests.booking.tests.PostBookingTest.criarReservaComHeaderInvalido(PostBookingTest.java:63)
]]></failure>
  </testcase>
  <testcase name="criarReservaComParametrosAMais" classname="br.com.restassuredapitesting.tests.booking.tests.PostBookingTest" time="0.937"/>
  <testcase name="criarReservaComPayloadInvalido" classname="br.com.restassuredapitesting.tests.booking.tests.PostBookingTest" time="0.781"/>
  <testcase name="validaCriacaoDeVariasReservasEmSequencia" classname="br.com.restassuredapitesting.tests.booking.tests.PostBookingTest" time="4.604"/>
  <testcase name="validaCriacaoDeReservaParaUsuario" classname="br.com.restassuredapitesting.tests.booking.tests.PostBookingTest" time="0.781"/>
  <testcase name="validarAlteracaoDeUmaReservaUtilizandoToken" classname="br.com.restassuredapitesting.tests.booking.tests.PutBookingTest" time="2.406"/>
  <testcase name="validarAlteracaoDeUmaReservaInexistente" classname="br.com.restassuredapitesting.tests.booking.tests.PutBookingTest" time="1.531">
    <failure message="1 expectation failed.&#10;Expected status code &lt;200&gt; but was &lt;405&gt;.&#10;" type="java.lang.AssertionError"><![CDATA[java.lang.AssertionError: 
1 expectation failed.
Expected status code <200> but was <405>.

	at br.com.restassuredapitesting.tests.booking.tests.PutBookingTest.validarAlteracaoDeUmaReservaInexistente(PutBookingTest.java:91)
]]></failure>
  </testcase>
  <testcase name="validarAlteracaoDeUmaReservaComTokenInvalido" classname="br.com.restassuredapitesting.tests.booking.tests.PutBookingTest" time="1.577">
    <failure message="1 expectation failed.&#10;Expected status code &lt;200&gt; but was &lt;403&gt;.&#10;" type="java.lang.AssertionError"><![CDATA[java.lang.AssertionError: 
1 expectation failed.
Expected status code <200> but was <403>.

	at br.com.restassuredapitesting.tests.booking.tests.PutBookingTest.validarAlteracaoDeUmaReservaComTokenInvalido(PutBookingTest.java:78)
]]></failure>
  </testcase>
  <testcase name="validarAlteracaoDeUmaReservaSemToken" classname="br.com.restassuredapitesting.tests.booking.tests.PutBookingTest" time="1.562">
    <failure message="1 expectation failed.&#10;Expected status code &lt;200&gt; but was &lt;403&gt;.&#10;" type="java.lang.AssertionError"><![CDATA[java.lang.AssertionError: 
1 expectation failed.
Expected status code <200> but was <403>.

	at br.com.restassuredapitesting.tests.booking.tests.PutBookingTest.validarAlteracaoDeUmaReservaSemToken(PutBookingTest.java:59)
]]></failure>
  </testcase>
  <testcase name="validarAlteracaoDeUmaReservaUtilizandoBasicAuth" classname="br.com.restassuredapitesting.tests.booking.tests.PutBookingTest" time="1.547">
    <failure message="1 expectation failed.&#10;Expected status code &lt;200&gt; but was &lt;403&gt;.&#10;" type="java.lang.AssertionError"><![CDATA[java.lang.AssertionError: 
1 expectation failed.
Expected status code <200> but was <403>.

	at br.com.restassuredapitesting.tests.booking.tests.PutBookingTest.validarAlteracaoDeUmaReservaUtilizandoBasicAuth(PutBookingTest.java:109)
]]></failure>
  </testcase>
  <testcase name="validaListagemDeIdsDasReservas" classname="br.com.restassuredapitesting.tests.booking.tests.GetBookingTest" time="0.781"/>
  <testcase name="validaReservasPeloUltimoNome" classname="br.com.restassuredapitesting.tests.booking.tests.GetBookingTest" time="0.796"/>
  <testcase name="validaUmaReservaEspecifica" classname="br.com.restassuredapitesting.tests.booking.tests.GetBookingTest" time="1.533"/>
  <testcase name="validaReservasPeloCheckout" classname="br.com.restassuredapitesting.tests.booking.tests.GetBookingTest" time="0.797"/>
  <testcase name="validaReservasPeloPrimeiroNome" classname="br.com.restassuredapitesting.tests.booking.tests.GetBookingTest" time="0.765"/>
  <testcase name="validaSchemaDeRetornoDeUmaReservaEspecifica" classname="br.com.restassuredapitesting.tests.booking.tests.GetBookingTest" time="2.175"/>
  <testcase name="validaReservasPeloCheckoutECheckout" classname="br.com.restassuredapitesting.tests.booking.tests.GetBookingTest" time="0.735">
    <failure message="1 expectation failed.&#10;Expected status code &lt;200&gt; but was &lt;500&gt;.&#10;" type="java.lang.AssertionError"><![CDATA[java.lang.AssertionError: 
1 expectation failed.
Expected status code <200> but was <500>.

	at br.com.restassuredapitesting.tests.booking.tests.GetBookingTest.validaReservasPeloCheckoutECheckout(GetBookingTest.java:145)
]]></failure>
  </testcase>
  <testcase name="validaReservasPeloCheckin" classname="br.com.restassuredapitesting.tests.booking.tests.GetBookingTest" time="0.828"/>
  <testcase name="validaReservasNomeCheckinECheckout" classname="br.com.restassuredapitesting.tests.booking.tests.GetBookingTest" time="0.766"/>
  <testcase name="validaSchemaDaListagemDeReservas" classname="br.com.restassuredapitesting.tests.booking.tests.GetBookingTest" time="0.796"/>
  <testcase name="validaReservasPeloCheckinECheckout" classname="br.com.restassuredapitesting.tests.booking.tests.GetBookingTest" time="0.781"/>
  <testcase name="validaRetornoDeTokenParaUsuario" classname="br.com.restassuredapitesting.tests.auth.tests.PostAuthTest" time="0.844"/>
</testsuite>